1516137041049:ls
1516137043099:list
1516137053406:help
1516137070098:create-instances
1516138685086:help
1516138693656:create-instances
1516571292677:help
1516571298157:create-instances
1518522928778:ls
1518522933051:help
1518522940415:create-instances
1518527999940:help
1518528004859:create-instance
1518528013737:create-instances
1518531197502:create-instanves
1518531203958:create-instances
1518532333493:create-istances
1518532341769:create-instances
1518532989787:create-instance
1518532993813:create-instances
